<?xml version="1.0" encoding="UTF-8"?>
<!-- Generated by org.testng.reporters.JUnitReportReporter -->
<testsuite hostname="DESKTOP-R03F2FH" failures="0" tests="1" name="test.ProductsTest" time="5.791" errors="0" timestamp="20 Dec 2021 08:43:51 GMT">
  <testcase classname="test.ProductsTest" name="clickProductNameTest" time="5.791"/>
</testsuite> <!-- test.ProductsTest -->
