<?xml version="1.0" encoding="UTF-8"?>
<!-- Generated by org.testng.reporters.JUnitReportReporter -->
<testsuite hostname="DESKTOP-R03F2FH" failures="0" tests="2" name="test.LoginTest" time="12.033" errors="0" timestamp="17 Dec 2021 08:02:09 GMT">
  <testcase classname="test.LoginTest" name="LoginSuccessfulTest" time="7.163"/>
  <testcase classname="test.LoginTest" name="LoginFailTest" time="4.870"/>
</testsuite> <!-- test.LoginTest -->
