<?xml version="1.0" encoding="UTF-8"?>
<!-- Generated by org.testng.reporters.JUnitReportReporter -->
<testsuite hostname="192-168-1-103.tpgi.com.au" failures="0" tests="1" name="test.LoginTest" time="4.314" errors="0" timestamp="18 May 2021 00:25:34 GMT">
  <testcase classname="test.LoginTest" name="ClickLoginButon" time="4.314"/>
</testsuite> <!-- test.LoginTest -->
